time="2026-01-31T20:28:21+07:00" level=warning msg="D:\\projectrag\\docker-compose.yml: the attribute `version` is obsolete, it will be ignored, please remove it to avoid potential confusion"
#1 [internal] load local bake definitions
#1 reading from stdin 1.19kB done
#1 DONE 0.0s

#2 [internal] load build definition from Dockerfile
#2 transferring dockerfile: 1.57kB 0.0s done
#2 DONE 0.0s

#3 [internal] load metadata for docker.io/library/node:20-alpine
#3 DONE 1.0s

#4 [internal] load .dockerignore
#4 transferring context: 214B 0.0s done
#4 DONE 0.0s

#5 [base 1/1] FROM docker.io/library/node:20-alpine@sha256:09e2b3d9726018aecf269bd35325f46bf75046a643a66d28360ec71132750ec8
#5 resolve docker.io/library/node:20-alpine@sha256:09e2b3d9726018aecf269bd35325f46bf75046a643a66d28360ec71132750ec8 0.0s done
#5 CACHED

#6 [builder 1/4] WORKDIR /app
#6 CACHED

#7 [internal] load build context
#7 transferring context: 2.22kB 0.0s done
#7 DONE 0.0s

#8 [deps 1/4] RUN apk add --no-cache libc6-compat
#8 ...

#9 [runner 2/9] RUN addgroup --system --gid 1001 nodejs
#9 DONE 0.3s

#10 [runner 3/9] RUN adduser --system --uid 1001 nextjs
#10 DONE 0.4s

#8 [deps 1/4] RUN apk add --no-cache libc6-compat
#8 1.308 (1/3) Installing musl-obstack (1.2.3-r2)
#8 ...

#11 [runner 4/9] RUN mkdir -p /app/uploads && chown nextjs:nodejs /app/uploads
#11 DONE 0.6s

#8 [deps 1/4] RUN apk add --no-cache libc6-compat
#8 1.358 (2/3) Installing libucontext (1.3.3-r0)
#8 1.405 (3/3) Installing gcompat (1.1.0-r4)
#8 1.460 OK: 11.0 MiB in 21 packages
#8 DONE 1.5s

#12 [deps 2/4] WORKDIR /app
#12 DONE 0.0s

#13 [deps 3/4] COPY package.json package-lock.json* ./
#13 DONE 0.0s

#14 [deps 4/4] RUN npm ci
#14 29.52 
#14 29.52 added 412 packages, and audited 413 packages in 29s
#14 29.52 
#14 29.52 150 packages are looking for funding
#14 29.52   run `npm fund` for details
#14 29.58 
#14 29.58 1 high severity vulnerability
#14 29.58 
#14 29.58 To address all issues, run:
#14 29.58   npm audit fix --force
#14 29.58 
#14 29.58 Run `npm audit` for details.
#14 29.58 npm notice
#14 29.58 npm notice New major version of npm available! 10.8.2 -> 11.8.0
#14 29.58 npm notice Changelog: https://github.com/npm/cli/releases/tag/v11.8.0
#14 29.58 npm notice To update run: npm install -g npm@11.8.0
#14 29.58 npm notice
#14 DONE 30.2s

#15 [builder 2/4] COPY --from=deps /app/node_modules ./node_modules
#15 DONE 2.8s

#16 [builder 3/4] COPY . .
#16 DONE 0.1s

#17 [builder 4/4] RUN npm run build
#17 0.581 
#17 0.581 > projectrag@0.1.0 build
#17 0.581 > next build
#17 0.581 
#17 1.693 Γû▓ Next.js 16.1.1 (Turbopack)
#17 1.693 - Experiments (use with caution):
#17 1.693   ┬╖ serverActions
#17 1.693 
#17 1.754   Creating an optimized production build ...
#17 25.57 Γ£ô Compiled successfully in 23.0s
#17 25.57   Running TypeScript ...
#17 29.71 Failed to compile.
#17 29.71 
#17 29.71 ./app/page.tsx:245:17
#17 29.71 Type error: Type '{ onFileUploaded: (file: FileRecord) => void; onFileDeleted: (fileId: string) => void; files: FileRecord[]; }' is not assignable to type 'IntrinsicAttributes & FileUploadProps'.
#17 29.71   Property 'onFileDeleted' does not exist on type 'IntrinsicAttributes & FileUploadProps'.
#17 29.71 
#17 29.71 [0m [90m 243 |[39m               [33m<[39m[33mFileUpload[39m
#17 29.71  [90m 244 |[39m                 onFileUploaded[33m=[39m{handleFileUploaded}
#17 29.71 [31m[1m>[22m[39m[90m 245 |[39m                 onFileDeleted[33m=[39m{handleFileDeleted}
#17 29.71  [90m     |[39m                 [31m[1m^[22m[39m
#17 29.71  [90m 246 |[39m                 files[33m=[39m{files}
#17 29.71  [90m 247 |[39m               [33m/[39m[33m>[39m
#17 29.71  [90m 248 |[39m             [33m<[39m[33m/[39m[33mdiv[39m[33m>[39m[0m
#17 29.74 Next.js build worker exited with code: 1 and signal: null
#17 29.77 npm notice
#17 29.77 npm notice New major version of npm available! 10.8.2 -> 11.8.0
#17 29.77 npm notice Changelog: https://github.com/npm/cli/releases/tag/v11.8.0
#17 29.77 npm notice To update run: npm install -g npm@11.8.0
#17 29.77 npm notice
#17 ERROR: process "/bin/sh -c npm run build" did not complete successfully: exit code: 1
------
 > [builder 4/4] RUN npm run build:
29.71  [90m     |[39m                 [31m[1m^[22m[39m
29.71  [90m 246 |[39m                 files[33m=[39m{files}
29.71  [90m 247 |[39m               [33m/[39m[33m>[39m
29.71  [90m 248 |[39m             [33m<[39m[33m/[39m[33mdiv[39m[33m>[39m[0m
29.74 Next.js build worker exited with code: 1 and signal: null
29.77 npm notice
29.77 npm notice New major version of npm available! 10.8.2 -> 11.8.0
29.77 npm notice Changelog: https://github.com/npm/cli/releases/tag/v11.8.0
29.77 npm notice To update run: npm install -g npm@11.8.0
29.77 npm notice
------
Dockerfile:33

--------------------

  31 |     ENV NEXT_TELEMETRY_DISABLED=1

  32 |     

  33 | >>> RUN npm run build

  34 |     

  35 |     # Production image, copy all files and run next

--------------------

failed to solve: process "/bin/sh -c npm run build" did not complete successfully: exit code: 1

